[EISArtifact_vehicle2] Registering vehicle2 to entity connectionA2
[EISArtifact_vehicle3] Registering vehicle3 to entity connectionA3
[EISArtifact_vehicle1] Registering vehicle1 to entity connectionA1
[vehicle2] Got role: Drone
[vehicle3] Got role: Motorcycle
[vehicle2] -------------------- BEGIN OF NEW ROUND ----------------
[vehicle2] drone.asl
[vehicle1] Got role: Car
[vehicle1] -------------------- BEGIN OF NEW ROUND ----------------
[vehicle1] car.asl
[vehicle3] -------------------- BEGIN OF NEW ROUND ----------------
[vehicle3] motorcycle.asl
[EISArtifact_vehicle4] Registering vehicle4 to entity connectionA4
[vehicle4] Got role: Truck
[vehicle4] -------------------- BEGIN OF NEW ROUND ----------------
[vehicle4] truck.asl
[vehicle2] Doing skip for step 60
[vehicle3] Doing skip for step 60
[vehicle1] Doing skip for step 60
[vehicle4] Doing skip for step 60
[vehicle2] Doing skip for step 61
[vehicle3] Doing skip for step 61
[vehicle1] Doing skip for step 61
[vehicle4] Doing skip for step 61
[vehicle2] Doing skip for step 62
[vehicle1] Doing skip for step 62
[vehicle4] Doing skip for step 62
[vehicle3] Doing skip for step 62
[vehicle2] Doing skip for step 63
[vehicle3] Doing skip for step 63
[vehicle1] Doing skip for step 63
[vehicle4] Doing skip for step 63
[vehicle2] Doing skip for step 64
[vehicle3] Doing skip for step 64
[vehicle1] Doing skip for step 64
[vehicle4] Doing skip for step 64
[vehicle2] Doing skip for step 65
[vehicle3] Doing skip for step 65
[vehicle1] Doing skip for step 65
[vehicle4] Doing skip for step 65
[vehicle2] Doing skip for step 66
[vehicle3] Doing skip for step 66
[vehicle1] Doing skip for step 66
[vehicle4] Doing skip for step 66
[vehicle2] Doing skip for step 67
[vehicle3] Doing skip for step 67
[vehicle1] Doing skip for step 67
[vehicle4] Doing skip for step 67
[vehicle2] Doing skip for step 68
[vehicle3] Doing skip for step 68
[vehicle1] Doing skip for step 68
[vehicle4] Doing skip for step 68
[vehicle2] Doing skip for step 69
[vehicle3] Doing skip for step 69
[vehicle1] Doing skip for step 69
[vehicle4] Doing skip for step 69
[vehicle2] Doing skip for step 70
[vehicle3] Doing skip for step 70
[vehicle1] Doing skip for step 70
[vehicle4] Doing skip for step 70
[vehicle2] Doing skip for step 71
[vehicle3] Doing skip for step 71
[vehicle1] Doing skip for step 71
[vehicle4] Doing skip for step 71
[vehicle2] Doing skip for step 72
[vehicle3] Doing skip for step 72
[vehicle1] Doing skip for step 72
[vehicle4] Doing skip for step 72
[vehicle2] Doing skip for step 73
[vehicle3] Doing skip for step 73
[vehicle1] Doing skip for step 73
[vehicle4] Doing skip for step 73
[vehicle2] Doing skip for step 74
[vehicle3] Doing skip for step 74
[vehicle1] Doing skip for step 74
[vehicle4] Doing skip for step 74
[vehicle1] Doing skip for step 75
[vehicle3] Doing skip for step 75
[vehicle4] Doing skip for step 75
[vehicle2] Doing skip for step 75
[vehicle2] Doing skip for step 76
[vehicle4] Doing skip for step 76
[vehicle3] Doing skip for step 76
[vehicle1] Doing skip for step 76
[vehicle2] Doing skip for step 77
[vehicle4] Doing skip for step 77
[vehicle3] Doing skip for step 77
[vehicle1] Doing skip for step 77
[vehicle2] Doing skip for step 78
[vehicle4] Doing skip for step 78
[vehicle3] Doing skip for step 78
[vehicle1] Doing skip for step 78
[vehicle2] Doing skip for step 79
[vehicle4] Doing skip for step 79
[vehicle3] Doing skip for step 79
[vehicle1] Doing skip for step 79
[vehicle2] Doing skip for step 80
[vehicle4] Doing skip for step 80
[vehicle3] Doing skip for step 80
[vehicle1] Doing skip for step 80
[vehicle2] Going for a job, items=[item(material3,2)]
[vehicle2] Doing skip for step 81
[vehicle4] Doing skip for step 81
[vehicle3] Doing skip for step 81
[vehicle1] Doing skip for step 81
[vehicle2] Doing skip for step 82
[vehicle4] Doing skip for step 82
[vehicle3] Doing skip for step 82
[vehicle1] Doing skip for step 82
[vehicle2] Doing skip for step 83
[vehicle4] Doing skip for step 83
[vehicle3] Doing skip for step 83
[vehicle1] Doing skip for step 83
[vehicle2] Doing skip for step 84
[vehicle4] Doing skip for step 84
[vehicle3] Doing skip for step 84
[vehicle1] Doing skip for step 84
